#
# There is insufficient memory for the Java Runtime Environment to continue.
# Native memory allocation (malloc) failed to allocate 32744 bytes for Chunk::new
# Possible reasons:
#   The system is out of physical RAM or swap space
#   The process is running with CompressedOops enabled, and the Java Heap may be blocking the growth of the native heap
# Possible solutions:
#   Reduce memory load on the system
#   Increase physical memory or swap space
#   Check if swap backing store is full
#   Decrease Java heap size (-Xmx/-Xms)
#   Decrease number of Java threads
#   Decrease Java thread stack sizes (-Xss)
#   Set larger code cache with -XX:ReservedCodeCacheSize=
#   JVM is running with Unscaled Compressed Oops mode in which the Java heap is
#     placed in the first 4GB address space. The Java Heap base address is the
#     maximum limit for the native heap growth. Please use -XX:HeapBaseMinAddress
#     to set the Java Heap base and to place the Java Heap above 4GB virtual address.
# This output file may be truncated or incomplete.
#
#  Out of Memory Error (arena.cpp:184), pid=11580, tid=15664
#
# JRE version: OpenJDK Runtime Environment (20.0.2+9) (build 20.0.2+9-78)
# Java VM: OpenJDK 64-Bit Server VM (20.0.2+9-78, mixed mode, sharing, tiered, compressed oops, compressed class ptrs, g1 gc, windows-amd64)
# No core dump will be written. Minidumps are not enabled by default on client versions of Windows
#

---------------  S U M M A R Y ------------

Command Line: -javaagent:D:\Untimate\IntelliJ IDEA 2023.2.2\lib\idea_rt.jar=53967:D:\Untimate\IntelliJ IDEA 2023.2.2\bin -Dfile.encoding=UTF-8 -Dsun.stdout.encoding=UTF-8 -Dsun.stderr.encoding=UTF-8 lab10.iteratorpattern.iteratortouml.IteratorPatternExample

Host: Intel(R) Core(TM) i5-8365U CPU @ 1.60GHz, 8 cores, 7G,  Windows 10 , 64 bit Build 19041 (10.0.19041.3636)
Time: Thu Dec  7 22:32:03 2023 SE Asia Standard Time elapsed time: 0.192663 seconds (0d 0h 0m 0s)

---------------  T H R E A D  ---------------

Current thread (0x000001707aff0c30):  JavaThread "C2 CompilerThread2" daemon [_thread_in_native, id=15664, stack(0x00000049a3600000,0x00000049a3700000)]


Current CompileTask:
C2:    192  354   !   4       java.io.PrintStream::println (51 bytes)

Stack: [0x00000049a3600000,0x00000049a3700000]
Native frames: (J=compiled Java code, j=interpreted, Vv=VM code, C=native code)
V  [jvm.dll+0x6bc25a]
V  [jvm.dll+0x84971a]
V  [jvm.dll+0x84b315]
V  [jvm.dll+0x84ba13]
V  [jvm.dll+0x280e4f]
V  [jvm.dll+0xc2ab1]
V  [jvm.dll+0xc2dd5]
V  [jvm.dll+0x69b236]
V  [jvm.dll+0x8a228]
V  [jvm.dll+0x65de53]
V  [jvm.dll+0x3b82e6]
V  [jvm.dll+0x3b8699]
V  [jvm.dll+0x3b8480]
V  [jvm.dll+0x323646]
V  [jvm.dll+0x6811b7]
V  [jvm.dll+0x13929c]
V  [jvm.dll+0x39586a]
V  [jvm.dll+0x6d7ba6]
V  [jvm.dll+0x6d6eb2]
V  [jvm.dll+0x6d242b]
V  [jvm.dll+0x6cc5a6]
V  [jvm.dll+0x6cbbf1]
V  [jvm.dll+0x6c9de4]
V  [jvm.dll+0x1d196c]
V  [jvm.dll+0x1d24fb]
V  [jvm.dll+0x2f534c]
V  [jvm.dll+0x6d4522]
V  [jvm.dll+0x6cc5a6]
V  [jvm.dll+0x6cbbf1]
V  [jvm.dll+0x6c9de4]
V  [jvm.dll+0x1d196c]
V  [jvm.dll+0x1d24fb]
V  [jvm.dll+0x2f534c]
V  [jvm.dll+0x6d4522]
V  [jvm.dll+0x6cc5a6]
V  [jvm.dll+0x6cbbf1]
V  [jvm.dll+0x6c9de4]
V  [jvm.dll+0x1d196c]
V  [jvm.dll+0x1d24fb]
V  [jvm.dll+0x2f534c]
V  [jvm.dll+0x6d4522]
V  [jvm.dll+0x6cc5a6]
V  [jvm.dll+0x6cbbf1]
V  [jvm.dll+0x6c9de4]
V  [jvm.dll+0x1d196c]
V  [jvm.dll+0x1d24fb]
V  [jvm.dll+0x2f534c]
V  [jvm.dll+0x6d4522]
V  [jvm.dll+0x6cc5a6]
V  [jvm.dll+0x6cbbf1]
V  [jvm.dll+0x6c9de4]
V  [jvm.dll+0x1d196c]
V  [jvm.dll+0x1d24fb]
V  [jvm.dll+0x2f534c]
V  [jvm.dll+0x6d4522]
V  [jvm.dll+0x6cc5a6]
V  [jvm.dll+0x6cbbf1]
V  [jvm.dll+0x6c9de4]
V  [jvm.dll+0x1d196c]
V  [jvm.dll+0x1d24fb]
V  [jvm.dll+0x2f534c]
V  [jvm.dll+0x6d4522]
V  [jvm.dll+0x6cc5a6]
V  [jvm.dll+0x6cbbf1]
V  [jvm.dll+0x6c9de4]
V  [jvm.dll+0x1d196c]
V  [jvm.dll+0x1d24fb]
V  [jvm.dll+0x2f534c]
V  [jvm.dll+0x6d4522]
V  [jvm.dll+0x6cc5a6]
V  [jvm.dll+0x6cbbf1]
V  [jvm.dll+0x6c9de4]
V  [jvm.dll+0x1d196c]
V  [jvm.dll+0x1d24fb]
V  [jvm.dll+0x2f534c]
V  [jvm.dll+0x6d4522]
V  [jvm.dll+0x6cc5a6]
V  [jvm.dll+0x6cbbf1]
V  [jvm.dll+0x6c9de4]
V  [jvm.dll+0x1d196c]
V  [jvm.dll+0x24a4d3]
V  [jvm.dll+0x1ce761]
V  [jvm.dll+0x25a0eb]
V  [jvm.dll+0x2587c0]
V  [jvm.dll+0x3f2dd5]
V  [jvm.dll+0x7f5c76]
V  [jvm.dll+0x6baecb]
C  [ucrtbase.dll+0x21bb2]
C  [KERNEL32.DLL+0x17344]
C  [ntdll.dll+0x526b1]


---------------  P R O C E S S  ---------------

Threads class SMR info:
_java_thread_list=0x000001707af69620, length=14, elements={
0x000001701919adc0, 0x0000017035aed100, 0x0000017035aedc40, 0x0000017035aef790,
0x0000017035af3330, 0x0000017035af3ef0, 0x0000017035af5840, 0x0000017035af84c0,
0x0000017035b04350, 0x000001707adfd210, 0x000001707af1b780, 0x000001707af6ae70,
0x000001707aefa250, 0x000001707aff0c30
}

Java Threads: ( => current thread )
  0x000001701919adc0 JavaThread "main" [_thread_in_native, id=12476, stack(0x00000049a2200000,0x00000049a2300000)]
  0x0000017035aed100 JavaThread "Reference Handler" daemon [_thread_blocked, id=6304, stack(0x00000049a2900000,0x00000049a2a00000)]
  0x0000017035aedc40 JavaThread "Finalizer" daemon [_thread_blocked, id=3812, stack(0x00000049a2a00000,0x00000049a2b00000)]
  0x0000017035aef790 JavaThread "Signal Dispatcher" daemon [_thread_blocked, id=2780, stack(0x00000049a2b00000,0x00000049a2c00000)]
  0x0000017035af3330 JavaThread "Attach Listener" daemon [_thread_blocked, id=9472, stack(0x00000049a2c00000,0x00000049a2d00000)]
  0x0000017035af3ef0 JavaThread "Service Thread" daemon [_thread_blocked, id=1188, stack(0x00000049a2d00000,0x00000049a2e00000)]
  0x0000017035af5840 JavaThread "Monitor Deflation Thread" daemon [_thread_blocked, id=836, stack(0x00000049a2e00000,0x00000049a2f00000)]
  0x0000017035af84c0 JavaThread "C2 CompilerThread0" daemon [_thread_in_native, id=1336, stack(0x00000049a2f00000,0x00000049a3000000)]
  0x0000017035b04350 JavaThread "C1 CompilerThread0" daemon [_thread_blocked, id=6684, stack(0x00000049a3000000,0x00000049a3100000)]
  0x000001707adfd210 JavaThread "Common-Cleaner" daemon [_thread_blocked, id=8504, stack(0x00000049a3100000,0x00000049a3200000)]
  0x000001707af1b780 JavaThread "Monitor Ctrl-Break" daemon [_thread_in_native, id=17872, stack(0x00000049a3200000,0x00000049a3300000)]
  0x000001707af6ae70 JavaThread "Notification Thread" daemon [_thread_blocked, id=2916, stack(0x00000049a3300000,0x00000049a3400000)]
  0x000001707aefa250 JavaThread "C2 CompilerThread1" daemon [_thread_in_native, id=1552, stack(0x00000049a3500000,0x00000049a3600000)]
=>0x000001707aff0c30 JavaThread "C2 CompilerThread2" daemon [_thread_in_native, id=15664, stack(0x00000049a3600000,0x00000049a3700000)]

Other Threads:
  0x0000017035acd8a0 VMThread "VM Thread" [stack: 0x00000049a2800000,0x00000049a2900000] [id=16064]
  0x000001701919bac0 WatcherThread "VM Periodic Task Thread" [stack: 0x00000049a3400000,0x00000049a3500000] [id=5428]
  0x00000170191f9ef0 WorkerThread "GC Thread#0" [stack: 0x00000049a2300000,0x00000049a2400000] [id=8888]
  0x000001701920a800 ConcurrentGCThread "G1 Main Marker" [stack: 0x00000049a2400000,0x00000049a2500000] [id=14588]
  0x000001701920b3d0 WorkerThread "G1 Conc#0" [stack: 0x00000049a2500000,0x00000049a2600000] [id=18068]
  0x000001703598e190 ConcurrentGCThread "G1 Refine#0" [stack: 0x00000049a2600000,0x00000049a2700000] [id=13964]
  0x000001703598ead0 ConcurrentGCThread "G1 Service" [stack: 0x00000049a2700000,0x00000049a2800000] [id=13868]

Threads with active compile tasks:
C2 CompilerThread0      245  356   !   4       java.io.PrintStream::write (94 bytes)
C2 CompilerThread1      245  355   !   4       sun.nio.cs.StreamEncoder::flushBuffer (63 bytes)
C2 CompilerThread2      245  354   !   4       java.io.PrintStream::println (51 bytes)

VM state: not at safepoint (normal execution)

VM Mutex/Monitor currently owned by a thread: None

Heap address: 0x0000000083000000, size: 2000 MB, Compressed Oops mode: 32-bit

CDS archive(s) mapped at: [0x0000017035c00000-0x0000017036860000-0x0000017036860000), size 12976128, SharedBaseAddress: 0x0000017035c00000, ArchiveRelocationMode: 1.
Compressed class space mapped at: 0x0000017036c00000-0x0000017076c00000, reserved size: 1073741824
Narrow klass base: 0x0000017035c00000, Narrow klass shift: 0, Narrow klass range: 0x100000000

GC Precious Log:
 CardTable entry size: 512
 Card Set container configuration: InlinePtr #cards 5 size 8 Array Of Cards #cards 12 size 40 Howl #buckets 4 coarsen threshold 1843 Howl Bitmap #cards 512 size 80 coarsen threshold 460 Card regions per heap region 1 cards per card region 2048
 CPUs: 8 total, 8 available
 Memory: 7998M
 Large Page Support: Disabled
 NUMA Support: Disabled
 Compressed Oops: Enabled (32-bit)
 Heap Region Size: 1M
 Heap Min Capacity: 8M
 Heap Initial Capacity: 126M
 Heap Max Capacity: 2000M
 Pre-touch: Disabled
 Parallel Workers: 8
 Concurrent Workers: 2
 Concurrent Refinement Workers: 8
 Periodic GC: Disabled

Heap:
 garbage-first heap   total 129024K, used 5120K [0x0000000083000000, 0x0000000100000000)
  region size 1024K, 6 young (6144K), 0 survivors (0K)
 Metaspace       used 801K, committed 960K, reserved 1114112K
  class space    used 58K, committed 128K, reserved 1048576K

Heap Regions: E=young(eden), S=young(survivor), O=old, HS=humongous(starts), HC=humongous(continues), CS=collection set, F=free, OA=open archive, CA=closed archive, TAMS=top-at-mark-start, PB=parsable bottom
|   0|0x0000000083000000, 0x0000000083000000, 0x0000000083100000|  0%| F|  |TAMS 0x0000000083000000| PB 0x0000000083000000| Untracked 
|   1|0x0000000083100000, 0x0000000083100000, 0x0000000083200000|  0%| F|  |TAMS 0x0000000083100000| PB 0x0000000083100000| Untracked 
|   2|0x0000000083200000, 0x0000000083200000, 0x0000000083300000|  0%| F|  |TAMS 0x0000000083200000| PB 0x0000000083200000| Untracked 
|   3|0x0000000083300000, 0x0000000083300000, 0x0000000083400000|  0%| F|  |TAMS 0x0000000083300000| PB 0x0000000083300000| Untracked 
|   4|0x0000000083400000, 0x0000000083400000, 0x0000000083500000|  0%| F|  |TAMS 0x0000000083400000| PB 0x0000000083400000| Untracked 
|   5|0x0000000083500000, 0x0000000083500000, 0x0000000083600000|  0%| F|  |TAMS 0x0000000083500000| PB 0x0000000083500000| Untracked 
|   6|0x0000000083600000, 0x0000000083600000, 0x0000000083700000|  0%| F|  |TAMS 0x0000000083600000| PB 0x0000000083600000| Untracked 
|   7|0x0000000083700000, 0x0000000083700000, 0x0000000083800000|  0%| F|  |TAMS 0x0000000083700000| PB 0x0000000083700000| Untracked 
|   8|0x0000000083800000, 0x0000000083800000, 0x0000000083900000|  0%| F|  |TAMS 0x0000000083800000| PB 0x0000000083800000| Untracked 
|   9|0x0000000083900000, 0x0000000083900000, 0x0000000083a00000|  0%| F|  |TAMS 0x0000000083900000| PB 0x0000000083900000| Untracked 
|  10|0x0000000083a00000, 0x0000000083a00000, 0x0000000083b00000|  0%| F|  |TAMS 0x0000000083a00000| PB 0x0000000083a00000| Untracked 
|  11|0x0000000083b00000, 0x0000000083b00000, 0x0000000083c00000|  0%| F|  |TAMS 0x0000000083b00000| PB 0x0000000083b00000| Untracked 
|  12|0x0000000083c00000, 0x0000000083c00000, 0x0000000083d00000|  0%| F|  |TAMS 0x0000000083c00000| PB 0x0000000083c00000| Untracked 
|  13|0x0000000083d00000, 0x0000000083d00000, 0x0000000083e00000|  0%| F|  |TAMS 0x0000000083d00000| PB 0x0000000083d00000| Untracked 
|  14|0x0000000083e00000, 0x0000000083e00000, 0x0000000083f00000|  0%| F|  |TAMS 0x0000000083e00000| PB 0x0000000083e00000| Untracked 
|  15|0x0000000083f00000, 0x0000000083f00000, 0x0000000084000000|  0%| F|  |TAMS 0x0000000083f00000| PB 0x0000000083f00000| Untracked 
|  16|0x0000000084000000, 0x0000000084000000, 0x0000000084100000|  0%| F|  |TAMS 0x0000000084000000| PB 0x0000000084000000| Untracked 
|  17|0x0000000084100000, 0x0000000084100000, 0x0000000084200000|  0%| F|  |TAMS 0x0000000084100000| PB 0x0000000084100000| Untracked 
|  18|0x0000000084200000, 0x0000000084200000, 0x0000000084300000|  0%| F|  |TAMS 0x0000000084200000| PB 0x0000000084200000| Untracked 
|  19|0x0000000084300000, 0x0000000084300000, 0x0000000084400000|  0%| F|  |TAMS 0x0000000084300000| PB 0x0000000084300000| Untracked 
|  20|0x0000000084400000, 0x0000000084400000, 0x0000000084500000|  0%| F|  |TAMS 0x0000000084400000| PB 0x0000000084400000| Untracked 
|  21|0x0000000084500000, 0x0000000084500000, 0x0000000084600000|  0%| F|  |TAMS 0x0000000084500000| PB 0x0000000084500000| Untracked 
|  22|0x0000000084600000, 0x0000000084600000, 0x0000000084700000|  0%| F|  |TAMS 0x0000000084600000| PB 0x0000000084600000| Untracked 
|  23|0x0000000084700000, 0x0000000084700000, 0x0000000084800000|  0%| F|  |TAMS 0x0000000084700000| PB 0x0000000084700000| Untracked 
|  24|0x0000000084800000, 0x0000000084800000, 0x0000000084900000|  0%| F|  |TAMS 0x0000000084800000| PB 0x0000000084800000| Untracked 
|  25|0x0000000084900000, 0x0000000084900000, 0x0000000084a00000|  0%| F|  |TAMS 0x0000000084900000| PB 0x0000000084900000| Untracked 
|  26|0x0000000084a00000, 0x0000000084a00000, 0x0000000084b00000|  0%| F|  |TAMS 0x0000000084a00000| PB 0x0000000084a00000| Untracked 
|  27|0x0000000084b00000, 0x0000000084b00000, 0x0000000084c00000|  0%| F|  |TAMS 0x0000000084b00000| PB 0x0000000084b00000| Untracked 
|  28|0x0000000084c00000, 0x0000000084c00000, 0x0000000084d00000|  0%| F|  |TAMS 0x0000000084c00000| PB 0x0000000084c00000| Untracked 
|  29|0x0000000084d00000, 0x0000000084d00000, 0x0000000084e00000|  0%| F|  |TAMS 0x0000000084d00000| PB 0x0000000084d00000| Untracked 
|  30|0x0000000084e00000, 0x0000000084e00000, 0x0000000084f00000|  0%| F|  |TAMS 0x0000000084e00000| PB 0x0000000084e00000| Untracked 
|  31|0x0000000084f00000, 0x0000000084f00000, 0x0000000085000000|  0%| F|  |TAMS 0x0000000084f00000| PB 0x0000000084f00000| Untracked 
|  32|0x0000000085000000, 0x0000000085000000, 0x0000000085100000|  0%| F|  |TAMS 0x0000000085000000| PB 0x0000000085000000| Untracked 
|  33|0x0000000085100000, 0x0000000085100000, 0x0000000085200000|  0%| F|  |TAMS 0x0000000085100000| PB 0x0000000085100000| Untracked 
|  34|0x0000000085200000, 0x0000000085200000, 0x0000000085300000|  0%| F|  |TAMS 0x0000000085200000| PB 0x0000000085200000| Untracked 
|  35|0x0000000085300000, 0x0000000085300000, 0x0000000085400000|  0%| F|  |TAMS 0x0000000085300000| PB 0x0000000085300000| Untracked 
|  36|0x0000000085400000, 0x0000000085400000, 0x0000000085500000|  0%| F|  |TAMS 0x0000000085400000| PB 0x0000000085400000| Untracked 
|  37|0x0000000085500000, 0x0000000085500000, 0x0000000085600000|  0%| F|  |TAMS 0x0000000085500000| PB 0x0000000085500000| Untracked 
|  38|0x0000000085600000, 0x0000000085600000, 0x0000000085700000|  0%| F|  |TAMS 0x0000000085600000| PB 0x0000000085600000| Untracked 
|  39|0x0000000085700000, 0x0000000085700000, 0x0000000085800000|  0%| F|  |TAMS 0x0000000085700000| PB 0x0000000085700000| Untracked 
|  40|0x0000000085800000, 0x0000000085800000, 0x0000000085900000|  0%| F|  |TAMS 0x0000000085800000| PB 0x0000000085800000| Untracked 
|  41|0x0000000085900000, 0x0000000085900000, 0x0000000085a00000|  0%| F|  |TAMS 0x0000000085900000| PB 0x0000000085900000| Untracked 
|  42|0x0000000085a00000, 0x0000000085a00000, 0x0000000085b00000|  0%| F|  |TAMS 0x0000000085a00000| PB 0x0000000085a00000| Untracked 
|  43|0x0000000085b00000, 0x0000000085b00000, 0x0000000085c00000|  0%| F|  |TAMS 0x0000000085b00000| PB 0x0000000085b00000| Untracked 
|  44|0x0000000085c00000, 0x0000000085c00000, 0x0000000085d00000|  0%| F|  |TAMS 0x0000000085c00000| PB 0x0000000085c00000| Untracked 
|  45|0x0000000085d00000, 0x0000000085d00000, 0x0000000085e00000|  0%| F|  |TAMS 0x0000000085d00000| PB 0x0000000085d00000| Untracked 
|  46|0x0000000085e00000, 0x0000000085e00000, 0x0000000085f00000|  0%| F|  |TAMS 0x0000000085e00000| PB 0x0000000085e00000| Untracked 
|  47|0x0000000085f00000, 0x0000000085f00000, 0x0000000086000000|  0%| F|  |TAMS 0x0000000085f00000| PB 0x0000000085f00000| Untracked 
|  48|0x0000000086000000, 0x0000000086000000, 0x0000000086100000|  0%| F|  |TAMS 0x0000000086000000| PB 0x0000000086000000| Untracked 
|  49|0x0000000086100000, 0x0000000086100000, 0x0000000086200000|  0%| F|  |TAMS 0x0000000086100000| PB 0x0000000086100000| Untracked 
|  50|0x0000000086200000, 0x0000000086200000, 0x0000000086300000|  0%| F|  |TAMS 0x0000000086200000| PB 0x0000000086200000| Untracked 
|  51|0x0000000086300000, 0x0000000086300000, 0x0000000086400000|  0%| F|  |TAMS 0x0000000086300000| PB 0x0000000086300000| Untracked 
|  52|0x0000000086400000, 0x0000000086400000, 0x0000000086500000|  0%| F|  |TAMS 0x0000000086400000| PB 0x0000000086400000| Untracked 
|  53|0x0000000086500000, 0x0000000086500000, 0x0000000086600000|  0%| F|  |TAMS 0x0000000086500000| PB 0x0000000086500000| Untracked 
|  54|0x0000000086600000, 0x0000000086600000, 0x0000000086700000|  0%| F|  |TAMS 0x0000000086600000| PB 0x0000000086600000| Untracked 
|  55|0x0000000086700000, 0x0000000086700000, 0x0000000086800000|  0%| F|  |TAMS 0x0000000086700000| PB 0x0000000086700000| Untracked 
|  56|0x0000000086800000, 0x0000000086800000, 0x0000000086900000|  0%| F|  |TAMS 0x0000000086800000| PB 0x0000000086800000| Untracked 
|  57|0x0000000086900000, 0x0000000086900000, 0x0000000086a00000|  0%| F|  |TAMS 0x0000000086900000| PB 0x0000000086900000| Untracked 
|  58|0x0000000086a00000, 0x0000000086a00000, 0x0000000086b00000|  0%| F|  |TAMS 0x0000000086a00000| PB 0x0000000086a00000| Untracked 
|  59|0x0000000086b00000, 0x0000000086b00000, 0x0000000086c00000|  0%| F|  |TAMS 0x0000000086b00000| PB 0x0000000086b00000| Untracked 
|  60|0x0000000086c00000, 0x0000000086c00000, 0x0000000086d00000|  0%| F|  |TAMS 0x0000000086c00000| PB 0x0000000086c00000| Untracked 
|  61|0x0000000086d00000, 0x0000000086d00000, 0x0000000086e00000|  0%| F|  |TAMS 0x0000000086d00000| PB 0x0000000086d00000| Untracked 
|  62|0x0000000086e00000, 0x0000000086e00000, 0x0000000086f00000|  0%| F|  |TAMS 0x0000000086e00000| PB 0x0000000086e00000| Untracked 
|  63|0x0000000086f00000, 0x0000000086f00000, 0x0000000087000000|  0%| F|  |TAMS 0x0000000086f00000| PB 0x0000000086f00000| Untracked 
|  64|0x0000000087000000, 0x0000000087000000, 0x0000000087100000|  0%| F|  |TAMS 0x0000000087000000| PB 0x0000000087000000| Untracked 
|  65|0x0000000087100000, 0x0000000087100000, 0x0000000087200000|  0%| F|  |TAMS 0x0000000087100000| PB 0x0000000087100000| Untracked 
|  66|0x0000000087200000, 0x0000000087200000, 0x0000000087300000|  0%| F|  |TAMS 0x0000000087200000| PB 0x0000000087200000| Untracked 
|  67|0x0000000087300000, 0x0000000087300000, 0x0000000087400000|  0%| F|  |TAMS 0x0000000087300000| PB 0x0000000087300000| Untracked 
|  68|0x0000000087400000, 0x0000000087400000, 0x0000000087500000|  0%| F|  |TAMS 0x0000000087400000| PB 0x0000000087400000| Untracked 
|  69|0x0000000087500000, 0x0000000087500000, 0x0000000087600000|  0%| F|  |TAMS 0x0000000087500000| PB 0x0000000087500000| Untracked 
|  70|0x0000000087600000, 0x0000000087600000, 0x0000000087700000|  0%| F|  |TAMS 0x0000000087600000| PB 0x0000000087600000| Untracked 
|  71|0x0000000087700000, 0x0000000087700000, 0x0000000087800000|  0%| F|  |TAMS 0x0000000087700000| PB 0x0000000087700000| Untracked 
|  72|0x0000000087800000, 0x0000000087800000, 0x0000000087900000|  0%| F|  |TAMS 0x0000000087800000| PB 0x0000000087800000| Untracked 
|  73|0x0000000087900000, 0x0000000087900000, 0x0000000087a00000|  0%| F|  |TAMS 0x0000000087900000| PB 0x0000000087900000| Untracked 
|  74|0x0000000087a00000, 0x0000000087a00000, 0x0000000087b00000|  0%| F|  |TAMS 0x0000000087a00000| PB 0x0000000087a00000| Untracked 
|  75|0x0000000087b00000, 0x0000000087b00000, 0x0000000087c00000|  0%| F|  |TAMS 0x0000000087b00000| PB 0x0000000087b00000| Untracked 
|  76|0x0000000087c00000, 0x0000000087c00000, 0x0000000087d00000|  0%| F|  |TAMS 0x0000000087c00000| PB 0x0000000087c00000| Untracked 
|  77|0x0000000087d00000, 0x0000000087d00000, 0x0000000087e00000|  0%| F|  |TAMS 0x0000000087d00000| PB 0x0000000087d00000| Untracked 
|  78|0x0000000087e00000, 0x0000000087e00000, 0x0000000087f00000|  0%| F|  |TAMS 0x0000000087e00000| PB 0x0000000087e00000| Untracked 
|  79|0x0000000087f00000, 0x0000000087f00000, 0x0000000088000000|  0%| F|  |TAMS 0x0000000087f00000| PB 0x0000000087f00000| Untracked 
|  80|0x0000000088000000, 0x0000000088000000, 0x0000000088100000|  0%| F|  |TAMS 0x0000000088000000| PB 0x0000000088000000| Untracked 
|  81|0x0000000088100000, 0x0000000088100000, 0x0000000088200000|  0%| F|  |TAMS 0x0000000088100000| PB 0x0000000088100000| Untracked 
|  82|0x0000000088200000, 0x0000000088200000, 0x0000000088300000|  0%| F|  |TAMS 0x0000000088200000| PB 0x0000000088200000| Untracked 
|  83|0x0000000088300000, 0x0000000088300000, 0x0000000088400000|  0%| F|  |TAMS 0x0000000088300000| PB 0x0000000088300000| Untracked 
|  84|0x0000000088400000, 0x0000000088400000, 0x0000000088500000|  0%| F|  |TAMS 0x0000000088400000| PB 0x0000000088400000| Untracked 
|  85|0x0000000088500000, 0x0000000088500000, 0x0000000088600000|  0%| F|  |TAMS 0x0000000088500000| PB 0x0000000088500000| Untracked 
|  86|0x0000000088600000, 0x0000000088600000, 0x0000000088700000|  0%| F|  |TAMS 0x0000000088600000| PB 0x0000000088600000| Untracked 
|  87|0x0000000088700000, 0x0000000088700000, 0x0000000088800000|  0%| F|  |TAMS 0x0000000088700000| PB 0x0000000088700000| Untracked 
|  88|0x0000000088800000, 0x0000000088800000, 0x0000000088900000|  0%| F|  |TAMS 0x0000000088800000| PB 0x0000000088800000| Untracked 
|  89|0x0000000088900000, 0x0000000088900000, 0x0000000088a00000|  0%| F|  |TAMS 0x0000000088900000| PB 0x0000000088900000| Untracked 
|  90|0x0000000088a00000, 0x0000000088a00000, 0x0000000088b00000|  0%| F|  |TAMS 0x0000000088a00000| PB 0x0000000088a00000| Untracked 
|  91|0x0000000088b00000, 0x0000000088b00000, 0x0000000088c00000|  0%| F|  |TAMS 0x0000000088b00000| PB 0x0000000088b00000| Untracked 
|  92|0x0000000088c00000, 0x0000000088c00000, 0x0000000088d00000|  0%| F|  |TAMS 0x0000000088c00000| PB 0x0000000088c00000| Untracked 
|  93|0x0000000088d00000, 0x0000000088d00000, 0x0000000088e00000|  0%| F|  |TAMS 0x0000000088d00000| PB 0x0000000088d00000| Untracked 
|  94|0x0000000088e00000, 0x0000000088e00000, 0x0000000088f00000|  0%| F|  |TAMS 0x0000000088e00000| PB 0x0000000088e00000| Untracked 
|  95|0x0000000088f00000, 0x0000000088f00000, 0x0000000089000000|  0%| F|  |TAMS 0x0000000088f00000| PB 0x0000000088f00000| Untracked 
|  96|0x0000000089000000, 0x0000000089000000, 0x0000000089100000|  0%| F|  |TAMS 0x0000000089000000| PB 0x0000000089000000| Untracked 
|  97|0x0000000089100000, 0x0000000089100000, 0x0000000089200000|  0%| F|  |TAMS 0x0000000089100000| PB 0x0000000089100000| Untracked 
|  98|0x0000000089200000, 0x0000000089200000, 0x0000000089300000|  0%| F|  |TAMS 0x0000000089200000| PB 0x0000000089200000| Untracked 
|  99|0x0000000089300000, 0x0000000089300000, 0x0000000089400000|  0%| F|  |TAMS 0x0000000089300000| PB 0x0000000089300000| Untracked 
| 100|0x0000000089400000, 0x0000000089400000, 0x0000000089500000|  0%| F|  |TAMS 0x0000000089400000| PB 0x0000000089400000| Untracked 
| 101|0x0000000089500000, 0x0000000089500000, 0x0000000089600000|  0%| F|  |TAMS 0x0000000089500000| PB 0x0000000089500000| Untracked 
| 102|0x0000000089600000, 0x0000000089600000, 0x0000000089700000|  0%| F|  |TAMS 0x0000000089600000| PB 0x0000000089600000| Untracked 
| 103|0x0000000089700000, 0x0000000089700000, 0x0000000089800000|  0%| F|  |TAMS 0x0000000089700000| PB 0x0000000089700000| Untracked 
| 104|0x0000000089800000, 0x0000000089800000, 0x0000000089900000|  0%| F|  |TAMS 0x0000000089800000| PB 0x0000000089800000| Untracked 
| 105|0x0000000089900000, 0x0000000089900000, 0x0000000089a00000|  0%| F|  |TAMS 0x0000000089900000| PB 0x0000000089900000| Untracked 
| 106|0x0000000089a00000, 0x0000000089a00000, 0x0000000089b00000|  0%| F|  |TAMS 0x0000000089a00000| PB 0x0000000089a00000| Untracked 
| 107|0x0000000089b00000, 0x0000000089b00000, 0x0000000089c00000|  0%| F|  |TAMS 0x0000000089b00000| PB 0x0000000089b00000| Untracked 
| 108|0x0000000089c00000, 0x0000000089c00000, 0x0000000089d00000|  0%| F|  |TAMS 0x0000000089c00000| PB 0x0000000089c00000| Untracked 
| 109|0x0000000089d00000, 0x0000000089d00000, 0x0000000089e00000|  0%| F|  |TAMS 0x0000000089d00000| PB 0x0000000089d00000| Untracked 
| 110|0x0000000089e00000, 0x0000000089e00000, 0x0000000089f00000|  0%| F|  |TAMS 0x0000000089e00000| PB 0x0000000089e00000| Untracked 
| 111|0x0000000089f00000, 0x0000000089f00000, 0x000000008a000000|  0%| F|  |TAMS 0x0000000089f00000| PB 0x0000000089f00000| Untracked 
| 112|0x000000008a000000, 0x000000008a000000, 0x000000008a100000|  0%| F|  |TAMS 0x000000008a000000| PB 0x000000008a000000| Untracked 
| 113|0x000000008a100000, 0x000000008a100000, 0x000000008a200000|  0%| F|  |TAMS 0x000000008a100000| PB 0x000000008a100000| Untracked 
| 114|0x000000008a200000, 0x000000008a200000, 0x000000008a300000|  0%| F|  |TAMS 0x000000008a200000| PB 0x000000008a200000| Untracked 
| 115|0x000000008a300000, 0x000000008a300000, 0x000000008a400000|  0%| F|  |TAMS 0x000000008a300000| PB 0x000000008a300000| Untracked 
| 116|0x000000008a400000, 0x000000008a400000, 0x000000008a500000|  0%| F|  |TAMS 0x000000008a400000| PB 0x000000008a400000| Untracked 
| 117|0x000000008a500000, 0x000000008a500000, 0x000000008a600000|  0%| F|  |TAMS 0x000000008a500000| PB 0x000000008a500000| Untracked 
| 118|0x000000008a600000, 0x000000008a600000, 0x000000008a700000|  0%| F|  |TAMS 0x000000008a600000| PB 0x000000008a600000| Untracked 
| 119|0x000000008a700000, 0x000000008a700000, 0x000000008a800000|  0%| F|  |TAMS 0x000000008a700000| PB 0x000000008a700000| Untracked 
| 120|0x000000008a800000, 0x000000008a8ec080, 0x000000008a900000| 92%| E|  |TAMS 0x000000008a800000| PB 0x000000008a800000| Complete 
| 121|0x000000008a900000, 0x000000008aa00000, 0x000000008aa00000|100%| E|CS|TAMS 0x000000008a900000| PB 0x000000008a900000| Complete 
| 122|0x000000008aa00000, 0x000000008ab00000, 0x000000008ab00000|100%| E|CS|TAMS 0x000000008aa00000| PB 0x000000008aa00000| Complete 
| 123|0x000000008ab00000, 0x000000008ac00000, 0x000000008ac00000|100%| E|CS|TAMS 0x000000008ab00000| PB 0x000000008ab00000| Complete 
| 124|0x000000008ac00000, 0x000000008ad00000, 0x000000008ad00000|100%| E|CS|TAMS 0x000000008ac00000| PB 0x000000008ac00000| Complete 
| 125|0x000000008ad00000, 0x000000008ae00000, 0x000000008ae00000|100%| E|CS|TAMS 0x000000008ad00000| PB 0x000000008ad00000| Complete 

Card table byte_map: [0x0000017030990000,0x0000017030d80000] _byte_map_base: 0x0000017030578000

Marking Bits: (CMBitMap*) 0x00000170191fa520
 Bits: [0x0000017031170000, 0x00000170330b0000)

Polling page: 0x0000017017140000

Metaspace:

Usage:
  Non-class:    743.30 KB used.
      Class:     58.47 KB used.
       Both:    801.77 KB used.

Virtual space:
  Non-class space:       64.00 MB reserved,     832.00 KB (  1%) committed,  1 nodes.
      Class space:        1.00 GB reserved,     128.00 KB ( <1%) committed,  1 nodes.
             Both:        1.06 GB reserved,     960.00 KB ( <1%) committed. 

Chunk freelists:
   Non-Class:  3.96 MB
       Class:  3.73 MB
        Both:  7.69 MB

MaxMetaspaceSize: unlimited
CompressedClassSpaceSize: 1.00 GB
Initial GC threshold: 21.00 MB
Current GC threshold: 21.00 MB
CDS: on
MetaspaceReclaimPolicy: balanced
 - commit_granule_bytes: 65536.
 - commit_granule_words: 8192.
 - virtual_space_node_default_size: 8388608.
 - enlarge_chunks_in_place: 1.
 - new_chunks_are_fully_committed: 0.
 - uncommit_free_chunks: 1.
 - use_allocation_guard: 0.


Internal statistics:

num_allocs_failed_limit: 0.
num_arena_births: 24.
num_arena_deaths: 0.
num_vsnodes_births: 2.
num_vsnodes_deaths: 0.
num_space_committed: 15.
num_space_uncommitted: 0.
num_chunks_returned_to_freelist: 0.
num_chunks_taken_from_freelist: 30.
num_chunk_merges: 0.
num_chunk_splits: 18.
num_chunks_enlarged: 11.
num_inconsistent_stats: 0.

CodeHeap 'non-profiled nmethods': size=120000Kb used=137Kb max_used=137Kb free=119862Kb
 bounds [0x0000017028d40000, 0x0000017028fb0000, 0x0000017030270000]
CodeHeap 'profiled nmethods': size=120000Kb used=400Kb max_used=400Kb free=119599Kb
 bounds [0x0000017021270000, 0x00000170214e0000, 0x00000170287a0000]
CodeHeap 'non-nmethods': size=5760Kb used=1357Kb max_used=1388Kb free=4402Kb
 bounds [0x00000170287a0000, 0x0000017028a10000, 0x0000017028d40000]
 total_blobs=760 nmethods=351 adapters=320
 compilation: enabled
              stopped_count=0, restarted_count=0
 full_count=0

Compilation events (20 events):
Event: 0.166 Thread 0x000001707aefa250  343       4       java.lang.Integer::getChars (121 bytes)
Event: 0.171 Thread 0x000001707aefa250 nmethod 343 0x0000017028d5cd10 code [0x0000017028d5cea0, 0x0000017028d5d348]
Event: 0.172 Thread 0x000001707aefa250  345       4       java.nio.ByteBuffer::position (8 bytes)
Event: 0.172 Thread 0x000001707aff0c30  346       4       java.nio.ByteBuffer::position (6 bytes)
Event: 0.172 Thread 0x000001707aefa250 nmethod 345 0x0000017028d5d590 code [0x0000017028d5d700, 0x0000017028d5d7e8]
Event: 0.172 Thread 0x000001707aefa250  347       4       java.nio.ByteBuffer::flip (7 bytes)
Event: 0.173 Thread 0x000001707aefa250 nmethod 347 0x0000017028d5d910 code [0x0000017028d5da80, 0x0000017028d5db20]
Event: 0.173 Thread 0x000001707aff0c30 nmethod 346 0x0000017028d5dc10 code [0x0000017028d5dd80, 0x0000017028d5de88]
Event: 0.173 Thread 0x000001707aefa250  348       4       java.lang.Integer::toString (55 bytes)
Event: 0.173 Thread 0x000001707aff0c30  349       4       java.nio.CharBuffer::<init> (24 bytes)
Event: 0.177 Thread 0x000001707aff0c30 nmethod 349 0x0000017028d5df90 code [0x0000017028d5e100, 0x0000017028d5e4e0]
Event: 0.177 Thread 0x000001707aff0c30  350       4       java.nio.ByteBuffer::clear (7 bytes)
Event: 0.178 Thread 0x000001707aff0c30 nmethod 350 0x0000017028d5e790 code [0x0000017028d5e900, 0x0000017028d5e9a0]
Event: 0.178 Thread 0x000001707aff0c30  351   !   4       java.nio.CharBuffer::wrap (21 bytes)
Event: 0.181 Thread 0x000001707aff0c30 nmethod 351 0x0000017028d5ea90 code [0x0000017028d5ec20, 0x0000017028d5eed0]
Event: 0.181 Thread 0x000001707aff0c30  353       4       lab10.iteratorpattern.iteratortouml.ProductIterator::next (24 bytes)
Event: 0.182 Thread 0x000001707aff0c30 nmethod 353 0x0000017028d5f210 code [0x0000017028d5f380, 0x0000017028d5f490]
Event: 0.182 Thread 0x000001707aff0c30  354   !   4       java.io.PrintStream::println (51 bytes)
Event: 0.184 Thread 0x000001707aefa250 nmethod 348 0x0000017028d5f590 code [0x0000017028d5f720, 0x0000017028d5fe08]
Event: 0.184 Thread 0x000001707aefa250  355   !   4       sun.nio.cs.StreamEncoder::flushBuffer (63 bytes)

GC Heap History (0 events):
No events

Dll operation events (9 events):
Event: 0.011 Loaded shared library C:\Users\HP\.jdks\openjdk-20.0.2\bin\java.dll
Event: 0.040 Loaded shared library C:\Users\HP\.jdks\openjdk-20.0.2\bin\jsvml.dll
Event: 0.087 Loaded shared library C:\Users\HP\.jdks\openjdk-20.0.2\bin\zip.dll
Event: 0.090 Loaded shared library C:\Users\HP\.jdks\openjdk-20.0.2\bin\instrument.dll
Event: 0.094 Loaded shared library C:\Users\HP\.jdks\openjdk-20.0.2\bin\net.dll
Event: 0.096 Loaded shared library C:\Users\HP\.jdks\openjdk-20.0.2\bin\nio.dll
Event: 0.098 Loaded shared library C:\Users\HP\.jdks\openjdk-20.0.2\bin\zip.dll
Event: 0.106 Loaded shared library D:\Untimate\IntelliJ IDEA 2023.2.2\bin\breakgen64.dll
Event: 0.116 Loaded shared library C:\Users\HP\.jdks\openjdk-20.0.2\bin\extnet.dll

Deoptimization events (4 events):
Event: 0.107 Thread 0x000001701919adc0 Uncommon trap: trap_request=0xffffff45 fr.pc=0x0000017028d50fb4 relative=0x00000000000000b4
Event: 0.107 Thread 0x000001701919adc0 Uncommon trap: reason=unstable_if action=reinterpret pc=0x0000017028d50fb4 method=java.lang.String.isLatin1()Z @ 10 c2
Event: 0.107 Thread 0x000001701919adc0 DEOPT PACKING pc=0x0000017028d50fb4 sp=0x00000049a22fedf0
Event: 0.107 Thread 0x000001701919adc0 DEOPT UNPACKING pc=0x0000017028809d22 sp=0x00000049a22fed30 mode 2

Classes loaded (20 events):
Event: 0.124 Loading class java/io/BufferedReader
Event: 0.124 Loading class java/io/BufferedReader done
Event: 0.124 Loading class java/net/Socket$SocketInputStream
Event: 0.124 Loading class java/net/Socket$SocketInputStream done
Event: 0.124 Loading class sun/nio/ch/NioSocketImpl$1
Event: 0.124 Loading class sun/nio/ch/NioSocketImpl$1 done
Event: 0.125 Loading class sun/nio/cs/StreamDecoder
Event: 0.125 Loading class sun/nio/cs/StreamDecoder done
Event: 0.125 Loading class sun/nio/cs/US_ASCII$Decoder
Event: 0.126 Loading class sun/nio/cs/US_ASCII$Decoder done
Event: 0.126 Loading class sun/nio/ch/Util
Event: 0.126 Loading class sun/nio/ch/Util done
Event: 0.126 Loading class sun/nio/ch/Util$1
Event: 0.126 Loading class sun/nio/ch/Util$1 done
Event: 0.126 Loading class sun/nio/ch/Util$BufferCache
Event: 0.127 Loading class sun/nio/ch/Util$BufferCache done
Event: 0.127 Loading class java/nio/DirectByteBuffer$Deallocator
Event: 0.127 Loading class java/nio/DirectByteBuffer$Deallocator done
Event: 0.161 Loading class java/lang/foreign/MemorySegment
Event: 0.162 Loading class java/lang/foreign/MemorySegment done

Classes unloaded (0 events):
No events

Classes redefined (0 events):
No events

Internal exceptions (3 events):
Event: 0.099 Thread 0x000001701919adc0 Exception <a 'java/lang/NoSuchMethodError'{0x000000008ab32048}: 'void java.lang.invoke.DirectMethodHandle$Holder.invokeStatic(java.lang.Object, java.lang.Object, java.lang.Object)'> (0x000000008ab32048) 
thrown [s\open\src\hotspot\share\interpreter\linkResolver.cpp, line 773]
Event: 0.103 Thread 0x000001701919adc0 Exception <a 'java/lang/NoSuchMethodError'{0x000000008ab49550}: 'java.lang.Object java.lang.invoke.Invokers$Holder.invokeExact_MT(java.lang.Object, java.lang.Object, java.lang.Object, java.lang.Object, java.lang.Object)'> (0x000000008ab49550) 
thrown [s\open\src\hotspot\share\interpreter\linkResolver.cpp, line 773]
Event: 0.118 Thread 0x000001707af1b780 Exception <a 'java/lang/NoSuchMethodError'{0x000000008ab7d668}: 'void java.lang.invoke.DirectMethodHandle$Holder.invokeStatic(java.lang.Object, java.lang.Object)'> (0x000000008ab7d668) 
thrown [s\open\src\hotspot\share\interpreter\linkResolver.cpp, line 773]

VM Operations (4 events):
Event: 0.076 Executing VM operation: HandshakeAllThreads
Event: 0.076 Executing VM operation: HandshakeAllThreads done
Event: 0.109 Executing VM operation: HandshakeAllThreads
Event: 0.109 Executing VM operation: HandshakeAllThreads done

Events (14 events):
Event: 0.040 Thread 0x000001701919adc0 Thread added: 0x000001701919adc0
Event: 0.049 Thread 0x0000017035aed100 Thread added: 0x0000017035aed100
Event: 0.049 Thread 0x0000017035aedc40 Thread added: 0x0000017035aedc40
Event: 0.050 Thread 0x0000017035aef790 Thread added: 0x0000017035aef790
Event: 0.050 Thread 0x0000017035af3330 Thread added: 0x0000017035af3330
Event: 0.050 Thread 0x0000017035af3ef0 Thread added: 0x0000017035af3ef0
Event: 0.050 Thread 0x0000017035af5840 Thread added: 0x0000017035af5840
Event: 0.050 Thread 0x0000017035af84c0 Thread added: 0x0000017035af84c0
Event: 0.050 Thread 0x0000017035b04350 Thread added: 0x0000017035b04350
Event: 0.071 Thread 0x000001707adfd210 Thread added: 0x000001707adfd210
Event: 0.107 Thread 0x000001707af1b780 Thread added: 0x000001707af1b780
Event: 0.107 Thread 0x000001707af6ae70 Thread added: 0x000001707af6ae70
Event: 0.147 Thread 0x000001707aefa250 Thread added: 0x000001707aefa250
Event: 0.172 Thread 0x000001707aff0c30 Thread added: 0x000001707aff0c30


Dynamic libraries:
0x00007ff6e4620000 - 0x00007ff6e462e000 	C:\Users\HP\.jdks\openjdk-20.0.2\bin\java.exe
0x00007ff829f70000 - 0x00007ff82a168000 	C:\Windows\SYSTEM32\ntdll.dll
0x00007ff829d60000 - 0x00007ff829e1d000 	C:\Windows\System32\KERNEL32.DLL
0x00007ff827c30000 - 0x00007ff827f26000 	C:\Windows\System32\KERNELBASE.dll
0x00007ff827890000 - 0x00007ff827990000 	C:\Windows\System32\ucrtbase.dll
0x00007ff810750000 - 0x00007ff810767000 	C:\Users\HP\.jdks\openjdk-20.0.2\bin\jli.dll
0x00007ff81fa50000 - 0x00007ff81fa6b000 	C:\Users\HP\.jdks\openjdk-20.0.2\bin\VCRUNTIME140.dll
0x00007ff828710000 - 0x00007ff8288ae000 	C:\Windows\System32\USER32.dll
0x00007ff80c480000 - 0x00007ff80c71a000 	C:\Windows\WinSxS\amd64_microsoft.windows.common-controls_6595b64144ccf1df_6.0.19041.3636_none_60b6a03d71f818d5\COMCTL32.dll
0x00007ff827bb0000 - 0x00007ff827bd2000 	C:\Windows\System32\win32u.dll
0x00007ff829cc0000 - 0x00007ff829d5e000 	C:\Windows\System32\msvcrt.dll
0x00007ff829a70000 - 0x00007ff829a9c000 	C:\Windows\System32\GDI32.dll
0x00007ff827650000 - 0x00007ff82776a000 	C:\Windows\System32\gdi32full.dll
0x00007ff827f30000 - 0x00007ff827fcd000 	C:\Windows\System32\msvcp_win.dll
0x00007ff8289c0000 - 0x00007ff8289f0000 	C:\Windows\System32\IMM32.DLL
0x00007ff823760000 - 0x00007ff82376c000 	C:\Users\HP\.jdks\openjdk-20.0.2\bin\vcruntime140_1.dll
0x00007ff8053e0000 - 0x00007ff80546e000 	C:\Users\HP\.jdks\openjdk-20.0.2\bin\msvcp140.dll
0x00007fffe5ec0000 - 0x00007fffe6b58000 	C:\Users\HP\.jdks\openjdk-20.0.2\bin\server\jvm.dll
0x00007ff8288b0000 - 0x00007ff82895f000 	C:\Windows\System32\ADVAPI32.dll
0x00007ff8298f0000 - 0x00007ff82998c000 	C:\Windows\System32\sechost.dll
0x00007ff829b90000 - 0x00007ff829cb6000 	C:\Windows\System32\RPCRT4.dll
0x00007ff80c380000 - 0x00007ff80c3a7000 	C:\Windows\SYSTEM32\WINMM.dll
0x00007ff8215c0000 - 0x00007ff8215c9000 	C:\Windows\SYSTEM32\WSOCK32.dll
0x00007ff81ff10000 - 0x00007ff81ff1a000 	C:\Windows\SYSTEM32\VERSION.dll
0x00007ff829810000 - 0x00007ff82987b000 	C:\Windows\System32\WS2_32.dll
0x00007ff8256f0000 - 0x00007ff825702000 	C:\Windows\SYSTEM32\kernel.appcore.dll
0x00007ff821230000 - 0x00007ff82123a000 	C:\Users\HP\.jdks\openjdk-20.0.2\bin\jimage.dll
0x00007ff8252d0000 - 0x00007ff8254b4000 	C:\Windows\SYSTEM32\DBGHELP.DLL
0x00007ff809710000 - 0x00007ff809744000 	C:\Windows\SYSTEM32\dbgcore.DLL
0x00007ff827af0000 - 0x00007ff827b72000 	C:\Windows\System32\bcryptPrimitives.dll
0x00007ff81f870000 - 0x00007ff81f87e000 	C:\Users\HP\.jdks\openjdk-20.0.2\bin\instrument.dll
0x00007ff8100c0000 - 0x00007ff8100e6000 	C:\Users\HP\.jdks\openjdk-20.0.2\bin\java.dll
0x00007ff802a30000 - 0x00007ff802b07000 	C:\Users\HP\.jdks\openjdk-20.0.2\bin\jsvml.dll
0x00007ff829010000 - 0x00007ff829754000 	C:\Windows\System32\SHELL32.dll
0x00007ff825710000 - 0x00007ff825eab000 	C:\Windows\SYSTEM32\windows.storage.dll
0x00007ff828030000 - 0x00007ff828384000 	C:\Windows\System32\combase.dll
0x00007ff827090000 - 0x00007ff8270bd000 	C:\Windows\SYSTEM32\Wldp.dll
0x00007ff8284c0000 - 0x00007ff82856d000 	C:\Windows\System32\SHCORE.dll
0x00007ff828570000 - 0x00007ff8285c5000 	C:\Windows\System32\shlwapi.dll
0x00007ff827580000 - 0x00007ff8275a5000 	C:\Windows\SYSTEM32\profapi.dll
0x00007ff80f700000 - 0x00007ff80f718000 	C:\Users\HP\.jdks\openjdk-20.0.2\bin\zip.dll
0x00007ff80fdb0000 - 0x00007ff80fdc3000 	C:\Users\HP\.jdks\openjdk-20.0.2\bin\net.dll
0x00007ff81e400000 - 0x00007ff81e50a000 	C:\Windows\SYSTEM32\WINHTTP.dll
0x00007ff826df0000 - 0x00007ff826e5a000 	C:\Windows\system32\mswsock.dll
0x00007ff80fc10000 - 0x00007ff80fc26000 	C:\Users\HP\.jdks\openjdk-20.0.2\bin\nio.dll
0x00007ff80f3c0000 - 0x00007ff80f3da000 	D:\Untimate\IntelliJ IDEA 2023.2.2\bin\breakgen64.dll
0x00007ff81f680000 - 0x00007ff81f687000 	C:\Users\HP\.jdks\openjdk-20.0.2\bin\extnet.dll

dbghelp: loaded successfully - version: 4.0.5 - missing functions: none
symbol engine: initialized successfully - sym options: 0x614 - pdb path: .;C:\Users\HP\.jdks\openjdk-20.0.2\bin;C:\Windows\SYSTEM32;C:\Windows\WinSxS\amd64_microsoft.windows.common-controls_6595b64144ccf1df_6.0.19041.3636_none_60b6a03d71f818d5;C:\Users\HP\.jdks\openjdk-20.0.2\bin\server;D:\Untimate\IntelliJ IDEA 2023.2.2\bin

VM Arguments:
jvm_args: -javaagent:D:\Untimate\IntelliJ IDEA 2023.2.2\lib\idea_rt.jar=53967:D:\Untimate\IntelliJ IDEA 2023.2.2\bin -Dfile.encoding=UTF-8 -Dsun.stdout.encoding=UTF-8 -Dsun.stderr.encoding=UTF-8 
java_command: lab10.iteratorpattern.iteratortouml.IteratorPatternExample
java_class_path (initial): D:\code\java\src\out\production\code
Launcher Type: SUN_STANDARD

[Global flags]
     intx CICompilerCount                          = 4                                         {product} {ergonomic}
     uint ConcGCThreads                            = 2                                         {product} {ergonomic}
     uint G1ConcRefinementThreads                  = 8                                         {product} {ergonomic}
   size_t G1HeapRegionSize                         = 1048576                                   {product} {ergonomic}
    uintx GCDrainStackTargetSize                   = 64                                        {product} {ergonomic}
   size_t InitialHeapSize                          = 132120576                                 {product} {ergonomic}
   size_t MarkStackSize                            = 4194304                                   {product} {ergonomic}
   size_t MaxHeapSize                              = 2097152000                                {product} {ergonomic}
   size_t MaxNewSize                               = 1258291200                                {product} {ergonomic}
   size_t MinHeapDeltaBytes                        = 1048576                                   {product} {ergonomic}
   size_t MinHeapSize                              = 8388608                                   {product} {ergonomic}
    uintx NonNMethodCodeHeapSize                   = 5839372                                {pd product} {ergonomic}
    uintx NonProfiledCodeHeapSize                  = 122909434                              {pd product} {ergonomic}
    uintx ProfiledCodeHeapSize                     = 122909434                              {pd product} {ergonomic}
    uintx ReservedCodeCacheSize                    = 251658240                              {pd product} {ergonomic}
     bool SegmentedCodeCache                       = true                                      {product} {ergonomic}
   size_t SoftMaxHeapSize                          = 2097152000                             {manageable} {ergonomic}
     bool UseCompressedClassPointers               = true                           {product lp64_product} {ergonomic}
     bool UseCompressedOops                        = true                           {product lp64_product} {ergonomic}
     bool UseG1GC                                  = true                                      {product} {ergonomic}
     bool UseLargePagesIndividualAllocation        = false                                  {pd product} {ergonomic}

Logging:
Log output configuration:
 #0: stdout all=warning uptime,level,tags foldmultilines=false
 #1: stderr all=off uptime,level,tags foldmultilines=false

Environment Variables:
PATH=C:\Windows\system32;C:\Windows;C:\Windows\System32\Wbem;C:\Windows\System32\WindowsPowerShell\v1.0\;C:\Windows\System32\OpenSSH\;C:\Program Files\MySQL\MySQL Shell 8.0\bin\;C:\Users\HP\AppData\Local\Microsoft\WindowsApps;;D:\sourc\IntelliJ IDEA Community Edition 2023.2.1\bin;;D:\Untimate\IntelliJ IDEA 2023.2.2\bin;;C:\Users\HP\AppData\Local\Programs\Microsoft VS Code\bin
USERNAME=HP
OS=Windows_NT
PROCESSOR_IDENTIFIER=Intel64 Family 6 Model 142 Stepping 12, GenuineIntel
TMP=C:\Users\HP\AppData\Local\Temp
TEMP=C:\Users\HP\AppData\Local\Temp




---------------  S Y S T E M  ---------------

OS:
 Windows 10 , 64 bit Build 19041 (10.0.19041.3636)
OS uptime: 3 days 2:41 hours

CPU: total 8 (initial active 8) (4 cores per cpu, 2 threads per core) family 6 model 142 stepping 12 microcode 0xf8, cx8, cmov, fxsr, ht, mmx, 3dnowpref, sse, sse2, sse3, ssse3, sse4.1, sse4.2, popcnt, lzcnt, tsc, tscinvbit, avx, avx2, aes, erms, clmul, bmi1, bmi2, adx, fma, vzeroupper, clflush, clflushopt, rdtscp, f16c

Memory: 4k page, system-wide physical 7998M (1159M free)
TotalPageFile size 25942M (AvailPageFile size 0M)
current process WorkingSet (physical memory assigned to process): 46M, peak: 46M
current process commit charge ("private bytes"): 214M, peak: 215M

vm_info: OpenJDK 64-Bit Server VM (20.0.2+9-78) for windows-amd64 JRE (20.0.2+9-78), built on 2023-06-14T10:08:48Z by "mach5one" with MS VC++ 17.1 (VS2022)

END.
